<?xml version="1.0" encoding="UTF-8"?>
<!-- Generated by org.testng.reporters.JUnitReportReporter -->
<testsuite skipped="0" hostname="DESKTOP-H1QP6PC" name="com.eBanking.testCases.TC_LoginTest_001" tests="1" failures="0" timestamp="2021-07-18T13:40:14 IST" time="88.924" errors="0">
  <testcase name="loginTest" time="88.924" classname="com.eBanking.testCases.TC_LoginTest_001"/>
  <system-out/>
</testsuite> <!-- com.eBanking.testCases.TC_LoginTest_001 -->
