<?xml version="1.0" encoding="UTF-8"?>
<!-- Generated by org.testng.reporters.JUnitReportReporter -->
<testsuite skipped="0" hostname="DESKTOP-H1QP6PC" name="com.eBanking.testCases.TC_LoginTest_001" tests="1" failures="0" timestamp="2021-07-18T21:28:03 IST" time="3.410" errors="0">
  <testcase name="loginTest" time="3.410" classname="com.eBanking.testCases.TC_LoginTest_001"/>
  <system-out/>
</testsuite> <!-- com.eBanking.testCases.TC_LoginTest_001 -->
