<?xml version="1.0" encoding="UTF-8"?>
<!-- Generated by org.testng.reporters.JUnitReportReporter -->
<testsuite skipped="0" hostname="DESKTOP-H1QP6PC" name="com.eBanking.testCases.TC_AddNewCustomer_003" tests="1" failures="0" timestamp="2021-07-15T21:28:28 IST" time="10.741" errors="0">
  <testcase name="addNewCustomer" time="10.741" classname="com.eBanking.testCases.TC_AddNewCustomer_003"/>
  <system-out/>
</testsuite> <!-- com.eBanking.testCases.TC_AddNewCustomer_003 -->
